<?xml version="1.0" encoding="UTF-8"?>
<!-- Generated by org.testng.reporters.JUnitReportReporter -->
<testsuite hostname="WKWIN1377646" failures="1" tests="3" name="cucumberOptions.TestNGTestRunner" time="141.120" errors="0" timestamp="2022-08-26T16:56:54 IST" skipped="0">
  <testcase classname="cucumberOptions.TestNGTestRunner" name="runScenario" time="49.320">
    <failure message="expected [Beetroot] but found [No data]" type="java.lang.AssertionError">
      <![CDATA[java.lang.AssertionError: expected [Beetroot] but found [No data]
at org.testng.Assert.fail(Assert.java:110)
at org.testng.Assert.failNotEquals(Assert.java:1413)
at org.testng.Assert.assertEqualsImpl(Assert.java:149)
at org.testng.Assert.assertEquals(Assert.java:131)
at org.testng.Assert.assertEquals(Assert.java:655)
at org.testng.Assert.assertEquals(Assert.java:665)
at stepDefinitions.OfferPageStepDefinition.validate_product_name_in_Offers_page(OfferPageStepDefinition.java:58)
at ✽.validate product name in offers page matches with Landing Page(file:///C:/Users/chat/eclipse-workspace1/CucumberFramework/CucumberFramework/src/test/java/features/searchProduct.feature:8)
]]>
    </failure>
  </testcase> <!-- runScenario -->
  <system-out/>
  <testcase classname="cucumberOptions.TestNGTestRunner" name="runScenario" time="46.195"/>
  <system-out/>
  <testcase classname="cucumberOptions.TestNGTestRunner" name="runScenario" time="45.605"/>
  <system-out/>
</testsuite> <!-- cucumberOptions.TestNGTestRunner -->
